<testsuites id="" name="" tests="2" failures="2" skipped="0" errors="0" time="0.3030619999999999">
<testsuite name="oauth-flow.spec.ts" timestamp="2025-12-08T13:05:33.465Z" hostname="chromium" tests="2" failures="2" skipped="0" time="0" errors="0">
<testcase name="OAuth Flow - Google (E2E test mode) › happy path uses app callback to set session and land on dashboard" classname="oauth-flow.spec.ts" time="0">
<failure message="oauth-flow.spec.ts:7:7 happy path uses app callback to set session and land on dashboard" type="FAILURE">
<![CDATA[  [chromium] › oauth-flow.spec.ts:7:7 › OAuth Flow - Google (E2E test mode) › happy path uses app callback to set session and land on dashboard 

    Error: worker process exited unexpectedly (code=0, signal=null)
]]>
</failure>
</testcase>
<testcase name="OAuth Flow - Google (E2E test mode) › mismatched state is rejected by app and session is not issued" classname="oauth-flow.spec.ts" time="0">
<failure message="oauth-flow.spec.ts:54:7 mismatched state is rejected by app and session is not issued" type="FAILURE">
<![CDATA[  [chromium] › oauth-flow.spec.ts:54:7 › OAuth Flow - Google (E2E test mode) › mismatched state is rejected by app and session is not issued 

    Error: worker process exited unexpectedly (code=0, signal=null)
]]>
</failure>
</testcase>
</testsuite>
</testsuites>